<?xml version="1.0" encoding="UTF-8"?>
<!-- Generated by org.testng.reporters.JUnitReportReporter -->
<testsuite hostname="sukani" failures="0" tests="1" name="UITest" time="9.855" errors="0" timestamp="2021-11-22T15:21:51 EST" skipped="0">
  <testcase classname="UITest" name="test1" time="9.855"/>
  <system-out/>
</testsuite> <!-- UITest -->
