<?xml version="1.0" encoding="UTF-8"?>
<!-- Generated by org.testng.reporters.JUnitReportReporter -->
<testsuite skipped="0" hostname="sukani" name="UITest" tests="1" failures="0" timestamp="2021-11-22T15:32:08 EST" time="9.461" errors="0">
  <testcase name="test1" time="9.461" classname="UITest"/>
  <system-out/>
</testsuite> <!-- UITest -->
